<?xml version="1.0" encoding="UTF-8"?>
<!-- Generated by org.testng.reporters.JUnitXMLReporter -->
<testsuite ignored="0" hostname="TeamOs-PC" failures="0" tests="18" name="TreasuryChallanTest" time="543.315" errors="0" timestamp="2024-01-29T09:44:32 BDT">
  <testcase classname="TestCase_For_TreasuryChallanPage.TestCase_Of_TreasuryChallanPage" name="VerifyAllRequiredFieldWithoutFillingUp" time="4.505"/>
  <testcase classname="TestCase_For_TreasuryChallanPage.TestCase_Of_TreasuryChallanPage" name="VerifyChallanNoRequiredField" time="18.696"/>
  <testcase classname="TestCase_For_TreasuryChallanPage.TestCase_Of_TreasuryChallanPage" name="VerifyTransactionNoRequiredField" time="18.731"/>
  <testcase classname="TestCase_For_TreasuryChallanPage.TestCase_Of_TreasuryChallanPage" name="VerifyTreasuryTypeRequiredField" time="17.324"/>
  <testcase classname="TestCase_For_TreasuryChallanPage.TestCase_Of_TreasuryChallanPage" name="VerifyEconomicCodeRequiredField" time="17.2"/>
  <testcase classname="TestCase_For_TreasuryChallanPage.TestCase_Of_TreasuryChallanPage" name="VerifyChallanDateRequiredField" time="19.367"/>
  <testcase classname="TestCase_For_TreasuryChallanPage.TestCase_Of_TreasuryChallanPage" name="VerifyDipositDateRequiredField" time="19.319"/>
  <testcase classname="TestCase_For_TreasuryChallanPage.TestCase_Of_TreasuryChallanPage" name="VerifyBankNameRequiredField" time="15.905"/>
  <testcase classname="TestCase_For_TreasuryChallanPage.TestCase_Of_TreasuryChallanPage" name="VerifyDipositAmtRequiredField" time="19.296"/>
  <testcase classname="TestCase_For_TreasuryChallanPage.TestCase_Of_TreasuryChallanPage" name="VerifyTreasuryChallanValueSaving" time="22.565"/>
  <testcase classname="TestCase_For_TreasuryChallanPage.TestCase_Of_TreasuryChallanPage" name="VerifyChallanNoRequiredFieldInEditPage" time="8.6"/>
  <testcase classname="TestCase_For_TreasuryChallanPage.TestCase_Of_TreasuryChallanPage" name="VerifyTransactionNoRequiredFieldInEditPage" time="8.409"/>
  <testcase classname="TestCase_For_TreasuryChallanPage.TestCase_Of_TreasuryChallanPage" name="VerifyTreasuryTypeRequiredFieldInEditPage" time="8.381"/>
  <testcase classname="TestCase_For_TreasuryChallanPage.TestCase_Of_TreasuryChallanPage" name="VerifyEconomicCodeRequiredFieldInEditPage" time="8.368"/>
  <testcase classname="TestCase_For_TreasuryChallanPage.TestCase_Of_TreasuryChallanPage" name="VerifyChallanDateRequiredFieldInEditPage" time="9.461"/>
  <testcase classname="TestCase_For_TreasuryChallanPage.TestCase_Of_TreasuryChallanPage" name="VerifyDepositDateRequiredFieldInEditPage" time="9.601"/>
  <testcase classname="TestCase_For_TreasuryChallanPage.TestCase_Of_TreasuryChallanPage" name="VerifyBankNameRequiredFieldInEditPage" time="8.38"/>
  <testcase classname="TestCase_For_TreasuryChallanPage.TestCase_Of_TreasuryChallanPage" name="VerifyDepositAmtRequiredFieldInEditPage" time="8.338"/>
</testsuite> <!-- TreasuryChallanTest -->
