<?xml version="1.0" encoding="UTF-8"?>
<!-- Generated by org.testng.reporters.JUnitXMLReporter -->
<testsuite ignored="9" hostname="TeamOs-PC" failures="0" tests="1" name="Default test" time="58.092" errors="0" timestamp="2024-08-06T12:29:58 BDT">
  <testcase classname="AllTestCasesForEachPagesOfReportModule.TestCase_Of_MISReports" name="VerifyInputOutputCoefficientReportFile" time="11.211"/>
  <testcase classname="AllTestCasesForEachPagesOfReportModule.TestCase_Of_MISReports" name="VerifyClosingStockReportFile" time="0.0">
    <ignored/>
  </testcase> <!-- VerifyClosingStockReportFile -->
  <testcase classname="AllTestCasesForEachPagesOfReportModule.TestCase_Of_MISReports" name="VerfiyAdvanceTaxReportFile" time="0.0">
    <ignored/>
  </testcase> <!-- VerfiyAdvanceTaxReportFile -->
  <testcase classname="AllTestCasesForEachPagesOfReportModule.TestCase_Of_MISReports" name="VerifySourceVatIssueReortFile" time="0.0">
    <ignored/>
  </testcase> <!-- VerifySourceVatIssueReortFile -->
  <testcase classname="AllTestCasesForEachPagesOfReportModule.TestCase_Of_MISReports" name="VerifyCreditNoteReportFile" time="0.0">
    <ignored/>
  </testcase> <!-- VerifyCreditNoteReportFile -->
  <testcase classname="AllTestCasesForEachPagesOfReportModule.TestCase_Of_MISReports" name="VerifyDebitNoteReportFile" time="0.0">
    <ignored/>
  </testcase> <!-- VerifyDebitNoteReportFile -->
  <testcase classname="AllTestCasesForEachPagesOfReportModule.TestCase_Of_MISReports" name="VerifyProductStockSummaryReportFile" time="0.0">
    <ignored/>
  </testcase> <!-- VerifyProductStockSummaryReportFile -->
  <testcase classname="AllTestCasesForEachPagesOfReportModule.TestCase_Of_MISReports" name="VerifyCostingCalculationReportFile" time="0.0">
    <ignored/>
  </testcase> <!-- VerifyCostingCalculationReportFile -->
  <testcase classname="AllTestCasesForEachPagesOfReportModule.TestCase_Of_MISReports" name="VerifyRawPackingStockSummaryReportFile" time="0.0">
    <ignored/>
  </testcase> <!-- VerifyRawPackingStockSummaryReportFile -->
  <testcase classname="AllTestCasesForEachPagesOfReportModule.TestCase_Of_MISReports" name="VerifySourceVatReceiveReportFile" time="0.0">
    <ignored/>
  </testcase> <!-- VerifySourceVatReceiveReportFile -->
</testsuite> <!-- Default test -->
