<?xml version="1.0" encoding="UTF-8"?>
<!-- Generated by org.testng.reporters.JUnitXMLReporter -->
<testsuite ignored="15" hostname="TeamOs-PC" failures="0" tests="1" name="Default test" time="59.529" errors="0" timestamp="2024-08-19T17:22:34 BDT">
  <testcase classname="SetupModuleForTestCase.TestCase_Of_BasicSetup" name="VerifyEditingAndUpdatingInfoOfChildPage" time="30.635"/>
  <testcase classname="SetupModuleForTestCase.TestCase_Of_BasicSetup" name="VerifyCancelBtn" time="0.0">
    <ignored/>
  </testcase> <!-- VerifyCancelBtn -->
  <testcase classname="SetupModuleForTestCase.TestCase_Of_BasicSetup" name="VerfiyCodeRequiredField" time="0.0">
    <ignored/>
  </testcase> <!-- VerfiyCodeRequiredField -->
  <testcase classname="SetupModuleForTestCase.TestCase_Of_BasicSetup" name="VerifyCodeRequiredFieldOfChildPage" time="0.0">
    <ignored/>
  </testcase> <!-- VerifyCodeRequiredFieldOfChildPage -->
  <testcase classname="SetupModuleForTestCase.TestCase_Of_BasicSetup" name="VerifyResetBtnInChildPage" time="0.0">
    <ignored/>
  </testcase> <!-- VerifyResetBtnInChildPage -->
  <testcase classname="SetupModuleForTestCase.TestCase_Of_BasicSetup" name="VerifyNameRequiredFieldInEditPage" time="0.0">
    <ignored/>
  </testcase> <!-- VerifyNameRequiredFieldInEditPage -->
  <testcase classname="SetupModuleForTestCase.TestCase_Of_BasicSetup" name="VerifyNameRequiredFieldOfChildPage" time="0.0">
    <ignored/>
  </testcase> <!-- VerifyNameRequiredFieldOfChildPage -->
  <testcase classname="SetupModuleForTestCase.TestCase_Of_BasicSetup" name="VerifyNavigateToAddChildPage" time="0.0">
    <ignored/>
  </testcase> <!-- VerifyNavigateToAddChildPage -->
  <testcase classname="SetupModuleForTestCase.TestCase_Of_BasicSetup" name="VerifyDeleteBtnBasicSetUpInfoInEditPage" time="0.0">
    <ignored/>
  </testcase> <!-- VerifyDeleteBtnBasicSetUpInfoInEditPage -->
  <testcase classname="SetupModuleForTestCase.TestCase_Of_BasicSetup" name="VerifyAddChildInfoSaving" time="0.0">
    <ignored/>
  </testcase> <!-- VerifyAddChildInfoSaving -->
  <testcase classname="SetupModuleForTestCase.TestCase_Of_BasicSetup" name="VerifyNavigateToAddPageAfterclickingOnAddBtn" time="0.0">
    <ignored/>
  </testcase> <!-- VerifyNavigateToAddPageAfterclickingOnAddBtn -->
  <testcase classname="SetupModuleForTestCase.TestCase_Of_BasicSetup" name="VerifyCodeRequiredFieldInEditPage" time="0.0">
    <ignored/>
  </testcase> <!-- VerifyCodeRequiredFieldInEditPage -->
  <testcase classname="SetupModuleForTestCase.TestCase_Of_BasicSetup" name="VerifyResetBtn" time="0.0">
    <ignored/>
  </testcase> <!-- VerifyResetBtn -->
  <testcase classname="SetupModuleForTestCase.TestCase_Of_BasicSetup" name="VerfiyNameRequiredField" time="0.0">
    <ignored/>
  </testcase> <!-- VerfiyNameRequiredField -->
  <testcase classname="SetupModuleForTestCase.TestCase_Of_BasicSetup" name="VerifyBasicSetupInfoSaving" time="0.0">
    <ignored/>
  </testcase> <!-- VerifyBasicSetupInfoSaving -->
  <testcase classname="SetupModuleForTestCase.TestCase_Of_BasicSetup" name="VerifyUpdatingNameCodeDescriptionValueInEditPage" time="0.0">
    <ignored/>
  </testcase> <!-- VerifyUpdatingNameCodeDescriptionValueInEditPage -->
</testsuite> <!-- Default test -->
