<?xml version="1.0" encoding="UTF-8"?>
<!-- Generated by org.testng.reporters.JUnitXMLReporter -->
<testsuite ignored="0" hostname="TeamOs-PC" failures="0" tests="5" name="BatchSetupTestNGFile" time="88.453" errors="0" timestamp="2023-11-04T10:06:59 BDT">
  <testcase classname="TestCase_For_BatchSetUp.TestCase_Of_BatchSetUp" name="VerifyBatchSetupAddPage" time="3.049"/>
  <testcase classname="TestCase_For_BatchSetUp.TestCase_Of_BatchSetUp" name="VerifyBatchInfoSaving" time="4.792"/>
  <testcase classname="TestCase_For_BatchSetUp.TestCase_Of_BatchSetUp" name="VerifySaveDataWithOutFilledUpItemNameRequiredField" time="2.764"/>
  <testcase classname="TestCase_For_BatchSetUp.TestCase_Of_BatchSetUp" name="VerifySaveDataWithOutFilledUpBatchSizeRequiredField" time="2.805"/>
  <testcase classname="TestCase_For_BatchSetUp.TestCase_Of_BatchSetUp" name="VerifySavingDataWithoutFillingUpRequiredField" time="3.89"/>
</testsuite> <!-- BatchSetupTestNGFile -->
