<?xml version="1.0" encoding="UTF-8"?>
<!-- Generated by org.testng.reporters.JUnitXMLReporter -->
<testsuite ignored="0" hostname="TeamOs-PC" failures="0" tests="11" name="MainTestNgFile" time="175.537" errors="0" timestamp="2023-11-04T09:46:28 BDT">
  <testcase classname="TestCase_For_BatchSetUp.TestCase_Of_BatchSetUp" name="VerifyBatchSetupAddPage" time="3.037"/>
  <testcase classname="TestCase_For_BatchSetUp.TestCase_Of_BatchSetUp" name="VerifyBatchInfoSaving" time="4.721"/>
  <testcase classname="TestCase_For_BatchSetUp.TestCase_Of_BatchSetUp" name="VerifySaveDataWithOutFilledUpItemNameRequiredField" time="2.761"/>
  <testcase classname="TestCase_For_BatchSetUp.TestCase_Of_BatchSetUp" name="VerifySaveDataWithOutFilledUpBatchSizeRequiredField" time="2.671"/>
  <testcase classname="TestCase_For_BatchSetUp.TestCase_Of_BatchSetUp" name="VerifySavingDataWithoutFillingUpRequiredField" time="3.828"/>
  <testcase classname="TestCase_For_BatchSetUp.TestCase_Of_BatchSetUp" name="VerifyActiveStatusWithSavingBatchInfoData" time="4.942"/>
  <testcase classname="TestCase_For_BatchSetUp.TestCase_Of_BatchSetUp" name="VerifySaveDataWithOutFilledUpBatchDateRequiredField" time="2.849"/>
  <testcase classname="TestCase_For_BatchSetUp.TestCase_Of_BatchSetUp" name="VerifyBatchItemNameSearchFromHistory" time="4.72"/>
  <testcase classname="TestCase_For_BatchSetUp.TestCase_Of_BatchSetUp" name="VerifyRequiredFieldInTheUpdateForm" time="1.192"/>
  <testcase classname="TestCase_For_BatchSetUp.TestCase_Of_BatchSetUp" name="VerifyBatchSizeRequiredFieldInTheUpdateForm" time="2.031"/>
  <testcase classname="TestCase_For_BatchSetUp.TestCase_Of_BatchSetUp" name="VerifyBatchDateRequiredFieldInTheUpdateForm" time="2.166"/>
</testsuite> <!-- MainTestNgFile -->
