<?xml version="1.0" encoding="UTF-8"?>
<!-- Generated by org.testng.reporters.JUnitXMLReporter -->
<testsuite ignored="0" hostname="TeamOs-PC" failures="0" tests="23" name="RegressionTest" time="1068.291" errors="0" timestamp="2024-05-22T10:59:12 BDT">
  <testcase classname="TestCase_For_SourceVATPage.TestCase_Of_SourceVATPage" name="VerifySupplierNameRequiredField" time="21.434"/>
  <testcase classname="TestCase_For_SourceVATPage.TestCase_Of_SourceVATPage" name="VerifyTreasuryNoRequiredField" time="23.128"/>
  <testcase classname="TestCase_For_SourceVATPage.TestCase_Of_SourceVATPage" name="VerifyBankNameRequiredField" time="19.971"/>
  <testcase classname="TestCase_For_SourceVATPage.TestCase_Of_SourceVATPage" name="VerifyEconomicsCodeRequiredField" time="19.113"/>
  <testcase classname="TestCase_For_SourceVATPage.TestCase_Of_SourceVATPage" name="VerifyTreasuryDateRequiredField" time="21.271"/>
  <testcase classname="TestCase_For_SourceVATPage.TestCase_Of_SourceVATPage" name="VerifyChallanNoRequiredField" time="24.011"/>
  <testcase classname="TestCase_For_SourceVATPage.TestCase_Of_SourceVATPage" name="VerifyChallanDateRequiredField" time="23.286"/>
  <testcase classname="TestCase_For_SourceVATPage.TestCase_Of_SourceVATPage" name="VerifyVATAbleAmtRequiredField" time="21.443"/>
  <testcase classname="TestCase_For_SourceVATPage.TestCase_Of_SourceVATPage" name="VerifyVATAmtRequiredField" time="25.486"/>
  <testcase classname="TestCase_For_SourceVATPage.TestCase_Of_SourceVATPage" name="VerifySavingIssueTypeChallanWithOutCertificateIssue" time="28.918"/>
  <testcase classname="TestCase_For_SourceVATPage.TestCase_Of_SourceVATPage" name="VerifySavingReceiveTypeChallan" time="34.422"/>
  <testcase classname="TestCase_For_SourceVATPage.TestCase_Of_SourceVATPage" name="VerifyCustomerNameRequiredField" time="26.68"/>
  <testcase classname="TestCase_For_SourceVATPage.TestCase_Of_SourceVATPage" name="VerifyCertificateDateRequiredFieldWhenCertificateIssueOn" time="28.351"/>
  <testcase classname="TestCase_For_SourceVATPage.TestCase_Of_SourceVATPage" name="VerifySavingIssueTypeChallanWithCertificateIssue" time="29.802"/>
  <testcase classname="TestCase_For_SourceVATPage.TestCase_Of_SourceVATPage" name="VerifySupplierNameRequiredFieldInNonCIChallanOfIssueInEditPage" time="11.877"/>
  <testcase classname="TestCase_For_SourceVATPage.TestCase_Of_SourceVATPage" name="VerifyTreasuryNoRequiredFieldInNonCIChallanOfIssueInEditPage" time="11.712"/>
  <testcase classname="TestCase_For_SourceVATPage.TestCase_Of_SourceVATPage" name="VerifyBankNameRequiredFieldInNonCIChallanOfIssueInEditPage" time="9.601"/>
  <testcase classname="TestCase_For_SourceVATPage.TestCase_Of_SourceVATPage" name="VerifyEconomicCodeRequiredFieldInNonCIChallanOfIssueInEditPage" time="11.925"/>
  <testcase classname="TestCase_For_SourceVATPage.TestCase_Of_SourceVATPage" name="VerifyTreasuryDateRequiredFieldInNonCIChallanOfIssueInEditPage" time="9.148"/>
  <testcase classname="TestCase_For_SourceVATPage.TestCase_Of_SourceVATPage" name="VerifyVatableAmtFieldInNonCIChallanOfIssueInEditPage" time="11.089"/>
  <testcase classname="TestCase_For_SourceVATPage.TestCase_Of_SourceVATPage" name="VerifyVatAmtFieldInNonCIChallanOfIssueInEditPage" time="13.082"/>
  <testcase classname="TestCase_For_SourceVATPage.TestCase_Of_SourceVATPage" name="VerifyUpdatingAllRequiredFieldInNonCIChallanOfIssueInEditPage" time="49.066"/>
  <testcase classname="TestCase_For_SourceVATPage.TestCase_Of_SourceVATPage" name="VerifyUpdatingSourceVATDetialsFieldInNonCIChallanOfIssueInEditPage" time="52.013"/>
</testsuite> <!-- RegressionTest -->
