<?xml version="1.0" encoding="UTF-8"?>
<!-- Generated by org.testng.reporters.JUnitXMLReporter -->
<testsuite ignored="0" hostname="TeamOs-PC" failures="0" tests="26" name="SourceVAT" time="1114.132" errors="0" timestamp="2024-05-21T18:02:04 BDT">
  <testcase classname="TestCase_For_SourceVATPage.TestCase_Of_SourceVATPage" name="VerifySupplierNameRequiredField" time="18.32"/>
  <testcase classname="TestCase_For_SourceVATPage.TestCase_Of_SourceVATPage" name="VerifyTreasuryNoRequiredField" time="21.652"/>
  <testcase classname="TestCase_For_SourceVATPage.TestCase_Of_SourceVATPage" name="VerifyBankNameRequiredField" time="17.852"/>
  <testcase classname="TestCase_For_SourceVATPage.TestCase_Of_SourceVATPage" name="VerifyEconomicsCodeRequiredField" time="20.44"/>
  <testcase classname="TestCase_For_SourceVATPage.TestCase_Of_SourceVATPage" name="VerifyTreasuryDateRequiredField" time="18.726"/>
  <testcase classname="TestCase_For_SourceVATPage.TestCase_Of_SourceVATPage" name="VerifyChallanNoRequiredField" time="20.104"/>
  <testcase classname="TestCase_For_SourceVATPage.TestCase_Of_SourceVATPage" name="VerifyChallanDateRequiredField" time="19.794"/>
  <testcase classname="TestCase_For_SourceVATPage.TestCase_Of_SourceVATPage" name="VerifyVATAbleAmtRequiredField" time="22.323"/>
  <testcase classname="TestCase_For_SourceVATPage.TestCase_Of_SourceVATPage" name="VerifyVATAmtRequiredField" time="22.409"/>
  <testcase classname="TestCase_For_SourceVATPage.TestCase_Of_SourceVATPage" name="VerifySavingIssueTypeChallanWithOutCertificateIssue" time="25.628"/>
  <testcase classname="TestCase_For_SourceVATPage.TestCase_Of_SourceVATPage" name="VerifySavingReceiveTypeChallan" time="27.498"/>
  <testcase classname="TestCase_For_SourceVATPage.TestCase_Of_SourceVATPage" name="VerifyCustomerNameRequiredField" time="25.52"/>
  <testcase classname="TestCase_For_SourceVATPage.TestCase_Of_SourceVATPage" name="VerifyCertificateDateRequiredFieldWhenCertificateIssueOn" time="26.17"/>
  <testcase classname="TestCase_For_SourceVATPage.TestCase_Of_SourceVATPage" name="VerifySavingIssueTypeChallanWithCertificateIssue" time="29.425"/>
  <testcase classname="TestCase_For_SourceVATPage.TestCase_Of_SourceVATPage" name="VerifySupplierNameRequiredFieldInNonCIChallanOfIssueInEditPage" time="11.904"/>
  <testcase classname="TestCase_For_SourceVATPage.TestCase_Of_SourceVATPage" name="VerifyTreasuryNoRequiredFieldInNonCIChallanOfIssueInEditPage" time="11.828"/>
  <testcase classname="TestCase_For_SourceVATPage.TestCase_Of_SourceVATPage" name="VerifyBankNameRequiredFieldInNonCIChallanOfIssueInEditPage" time="9.838"/>
  <testcase classname="TestCase_For_SourceVATPage.TestCase_Of_SourceVATPage" name="VerifyEconomicCodeRequiredFieldInNonCIChallanOfIssueInEditPage" time="8.884"/>
  <testcase classname="TestCase_For_SourceVATPage.TestCase_Of_SourceVATPage" name="VerifyTreasuryDateRequiredFieldInNonCIChallanOfIssueInEditPage" time="8.99"/>
  <testcase classname="TestCase_For_SourceVATPage.TestCase_Of_SourceVATPage" name="VerifyVatableAmtFieldInNonCIChallanOfIssueInEditPage" time="10.558"/>
  <testcase classname="TestCase_For_SourceVATPage.TestCase_Of_SourceVATPage" name="VerifyVatAmtFieldInNonCIChallanOfIssueInEditPage" time="10.35"/>
  <testcase classname="TestCase_For_SourceVATPage.TestCase_Of_SourceVATPage" name="VerifyUpdatingAllRequiredFieldInNonCIChallanOfIssueInEditPage" time="47.971"/>
  <testcase classname="TestCase_For_SourceVATPage.TestCase_Of_SourceVATPage" name="VerifyUpdatingSourceVATDetialsFieldInNonCIChallanOfIssueInEditPage" time="49.121"/>
  <testcase classname="TestCase_For_SourceVATPage.TestCase_Of_SourceVATPage" name="VerifyUpdatingIssueTypeChallanWithCertificateIssueInEditPage" time="67.622"/>
  <testcase classname="TestCase_For_SourceVATPage.TestCase_Of_SourceVATPage" name="VerifyUpdatingReceivedTypeChallanInEditPage" time="63.106"/>
  <testcase classname="TestCase_For_SourceVATPage.TestCase_Of_SourceVATPage" name="VerifyIssueTypeChallanWithCIOnReportFile" time="18.451"/>
</testsuite> <!-- SourceVAT -->
