<?xml version="1.0" encoding="UTF-8"?>
<testng-results ignored="15" total="16" passed="1" failed="0" skipped="0">
  <reporter-output>
  </reporter-output>
  <suite started-at="2024-08-19T17:21:34 BDT" name="Default suite" finished-at="2024-08-19T17:22:34 BDT" duration-ms="59529">
    <groups>
    </groups>
    <test started-at="2024-08-19T17:21:34 BDT" name="Default test" finished-at="2024-08-19T17:22:34 BDT" duration-ms="59529">
      <class name="SetupModuleForTestCase.TestCase_Of_BasicSetup">
        <test-method is-config="true" signature="BrowserSetUp()[pri:0, instance:SetupModuleForTestCase.TestCase_Of_BasicSetup@563f38c4]" started-at="2024-08-19T17:21:34 BDT" name="BrowserSetUp" finished-at="2024-08-19T17:21:59 BDT" duration-ms="25170" status="PASS">
          <reporter-output>
          </reporter-output>
        </test-method> <!-- BrowserSetUp -->
        <test-method signature="VerifyEditingAndUpdatingInfoOfChildPage()[pri:16, instance:SetupModuleForTestCase.TestCase_Of_BasicSetup@563f38c4]" started-at="2024-08-19T17:21:59 BDT" name="VerifyEditingAndUpdatingInfoOfChildPage" finished-at="2024-08-19T17:22:30 BDT" duration-ms="30635" status="PASS">
          <reporter-output>
          </reporter-output>
        </test-method> <!-- VerifyEditingAndUpdatingInfoOfChildPage -->
        <test-method is-config="true" signature="teardown()[pri:0, instance:SetupModuleForTestCase.TestCase_Of_BasicSetup@563f38c4]" started-at="2024-08-19T17:22:30 BDT" name="teardown" finished-at="2024-08-19T17:22:34 BDT" duration-ms="3591" status="PASS">
          <reporter-output>
          </reporter-output>
        </test-method> <!-- teardown -->
      </class> <!-- SetupModuleForTestCase.TestCase_Of_BasicSetup -->
    </test> <!-- Default test -->
  </suite> <!-- Default suite -->
</testng-results>
